#
# There is insufficient memory for the Java Runtime Environment to continue.
# Native memory allocation (mmap) failed to map 335544320 bytes for G1 virtual space
# Possible reasons:
#   The system is out of physical RAM or swap space
#   The process is running with CompressedOops enabled, and the Java Heap may be blocking the growth of the native heap
# Possible solutions:
#   Reduce memory load on the system
#   Increase physical memory or swap space
#   Check if swap backing store is full
#   Decrease Java heap size (-Xmx/-Xms)
#   Decrease number of Java threads
#   Decrease Java thread stack sizes (-Xss)
#   Set larger code cache with -XX:ReservedCodeCacheSize=
#   JVM is running with Zero Based Compressed Oops mode in which the Java heap is
#     placed in the first 32GB address space. The Java Heap base address is the
#     maximum limit for the native heap growth. Please use -XX:HeapBaseMinAddress
#     to set the Java Heap base and to place the Java Heap above 32GB virtual address.
# This output file may be truncated or incomplete.
#
#  Out of Memory Error (os_windows.cpp:3530), pid=58664, tid=20748
#
# JRE version:  (18.0.2.1+1) (build )
# Java VM: Java HotSpot(TM) 64-Bit Server VM (18.0.2.1+1-1, mixed mode, sharing, tiered, compressed oops, compressed class ptrs, g1 gc, windows-amd64)
# No core dump will be written. Minidumps are not enabled by default on client versions of Windows
#

---------------  S U M M A R Y ------------

Command Line: -agentlib:jdwp=transport=dt_socket,server=n,suspend=y,address=127.0.0.1:50469 -Dfile.encoding=windows-1252 -Duser.country=US -Duser.language=en -Duser.variant com.example.bookService.BookServiceApplication

Host: Intel(R) Core(TM) i5-10210U CPU @ 1.60GHz, 8 cores, 19G,  Windows 11 , 64 bit Build 22000 (10.0.22000.708)
Time: Sun Sep 11 17:44:57 2022 Romance Daylight Time elapsed time: 0.014333 seconds (0d 0h 0m 0s)

---------------  T H R E A D  ---------------

Current thread (0x000001c2afb84320):  JavaThread "Unknown thread" [_thread_in_vm, id=20748, stack(0x000000a62da00000,0x000000a62db00000)]

Stack: [0x000000a62da00000,0x000000a62db00000]
Native frames: (J=compiled Java code, j=interpreted, Vv=VM code, C=native code)
V  [jvm.dll+0x6993aa]
V  [jvm.dll+0x7f46dd]
V  [jvm.dll+0x7f5fee]
V  [jvm.dll+0x7f66a3]
V  [jvm.dll+0x25cf1f]
V  [jvm.dll+0x6962f9]
V  [jvm.dll+0x68ae2a]
V  [jvm.dll+0x32255b]
V  [jvm.dll+0x329f36]
V  [jvm.dll+0x37eade]
V  [jvm.dll+0x37ed0f]
V  [jvm.dll+0x2fa2da]
V  [jvm.dll+0x2fb33d]
V  [jvm.dll+0x7c3310]
V  [jvm.dll+0x38be61]
V  [jvm.dll+0x7a2023]
V  [jvm.dll+0x40dc3f]
V  [jvm.dll+0x40f611]
C  [jli.dll+0x526b]
C  [ucrtbase.dll+0x26c0c]
C  [KERNEL32.DLL+0x154e0]
C  [ntdll.dll+0x485b]


---------------  P R O C E S S  ---------------

Threads class SMR info:
_java_thread_list=0x00007ffa7294e550, length=0, elements={
}

Java Threads: ( => current thread )

Other Threads:
  0x000001c2afc013e0 WorkerThread "GC Thread#0" [stack: 0x000000a62db00000,0x000000a62dc00000] [id=9832]
  0x000001c2afc0d120 ConcurrentGCThread "G1 Main Marker" [stack: 0x000000a62dc00000,0x000000a62dd00000] [id=18196]
  0x000001c2afc0d920 WorkerThread "G1 Conc#0" [stack: 0x000000a62dd00000,0x000000a62de00000] [id=66172]

[error occurred during error reporting (printing all threads), id 0xc0000005, EXCEPTION_ACCESS_VIOLATION (0xc0000005) at pc=0x00007ffa7217a877]

VM state: not at safepoint (not fully initialized)

VM Mutex/Monitor currently owned by a thread:  ([mutex/lock_event])
[0x000001c2afb7fb40] Heap_lock - owner thread: 0x000001c2afb84320

Heap address: 0x00000006c2c00000, size: 5076 MB, Compressed Oops mode: Zero based, Oop shift amount: 3

CDS archive(s) mapped at: [0x0000000000000000-0x0000000000000000-0x0000000000000000), size 0, SharedBaseAddress: 0x0000000800000000, ArchiveRelocationMode: 0.
Narrow klass base: 0x0000000000000000, Narrow klass shift: 0, Narrow klass range: 0x0

GC Precious Log:
 CardTable entry size: 512
 Card Set container configuration: InlinePtr #cards 4 size 8 Array Of Cards #cards 32 size 80 Howl #buckets 8 coarsen threshold 7372 Howl Bitmap #cards 1024 size 144 coarsen threshold 921 Card regions per heap region 1 cards per card region 8192

Heap:
 garbage-first heap   total 0K, used 0K [0x00000006c2c00000, 0x0000000800000000)
  region size 4096K, 0 young (0K), 0 survivors (0K)

[error occurred during error reporting (printing heap information), id 0xc0000005, EXCEPTION_ACCESS_VIOLATION (0xc0000005) at pc=0x00007ffa72561839]

GC Heap History (0 events):
No events

Deoptimization events (0 events):
No events

Classes loaded (0 events):
No events

Classes unloaded (0 events):
No events

Classes redefined (0 events):
No events

Internal exceptions (0 events):
No events

VM Operations (0 events):
No events

Events (1 events):
Event: 0.007 Loaded shared library C:\Program Files\Java\jdk-18.0.2.1\bin\java.dll


Dynamic libraries:
0x00007ff601fc0000 - 0x00007ff601fd0000 	C:\Program Files\Java\jdk-18.0.2.1\bin\java.exe
0x00007ffb00500000 - 0x00007ffb00709000 	C:\WINDOWS\SYSTEM32\ntdll.dll
0x00007ffafeb40000 - 0x00007ffafebfd000 	C:\WINDOWS\System32\KERNEL32.DLL
0x00007ffafddc0000 - 0x00007ffafe13d000 	C:\WINDOWS\System32\KERNELBASE.dll
0x00007ffafd9e0000 - 0x00007ffafdaf1000 	C:\WINDOWS\System32\ucrtbase.dll
0x00007ffaf1880000 - 0x00007ffaf189a000 	C:\Program Files\Java\jdk-18.0.2.1\bin\VCRUNTIME140.dll
0x00007ffaf17a0000 - 0x00007ffaf17b8000 	C:\Program Files\Java\jdk-18.0.2.1\bin\jli.dll
0x00007ffaff520000 - 0x00007ffaff5ce000 	C:\WINDOWS\System32\ADVAPI32.dll
0x00007ffafe950000 - 0x00007ffafe9f3000 	C:\WINDOWS\System32\msvcrt.dll
0x00007ffafe3b0000 - 0x00007ffafe44e000 	C:\WINDOWS\System32\sechost.dll
0x00007ffaff370000 - 0x00007ffaff490000 	C:\WINDOWS\System32\RPCRT4.dll
0x00007ffafe640000 - 0x00007ffafe7ed000 	C:\WINDOWS\System32\USER32.dll
0x00007ffafdb80000 - 0x00007ffafdba6000 	C:\WINDOWS\System32\win32u.dll
0x00007ffaf18e0000 - 0x00007ffaf1b85000 	C:\WINDOWS\WinSxS\amd64_microsoft.windows.common-controls_6595b64144ccf1df_6.0.22000.120_none_9d947278b86cc467\COMCTL32.dll
0x00007ffaff490000 - 0x00007ffaff4b9000 	C:\WINDOWS\System32\GDI32.dll
0x00007ffafe270000 - 0x00007ffafe388000 	C:\WINDOWS\System32\gdi32full.dll
0x00007ffafdbb0000 - 0x00007ffafdc4d000 	C:\WINDOWS\System32\msvcp_win.dll
0x00007ffaed180000 - 0x00007ffaed18a000 	C:\WINDOWS\SYSTEM32\VERSION.dll
0x00007ffaff0d0000 - 0x00007ffaff101000 	C:\WINDOWS\System32\IMM32.DLL
0x00007ffaf86e0000 - 0x00007ffaf86ec000 	C:\Program Files\Java\jdk-18.0.2.1\bin\vcruntime140_1.dll
0x00007ffadf750000 - 0x00007ffadf7dd000 	C:\Program Files\Java\jdk-18.0.2.1\bin\msvcp140.dll
0x00007ffa71e70000 - 0x00007ffa72a81000 	C:\Program Files\Java\jdk-18.0.2.1\bin\server\jvm.dll
0x00007ffafe530000 - 0x00007ffafe538000 	C:\WINDOWS\System32\PSAPI.DLL
0x00007ffafaad0000 - 0x00007ffafaad9000 	C:\WINDOWS\SYSTEM32\WSOCK32.dll
0x00007ffaf4a60000 - 0x00007ffaf4a93000 	C:\WINDOWS\SYSTEM32\WINMM.dll
0x00007ffafe540000 - 0x00007ffafe5af000 	C:\WINDOWS\System32\WS2_32.dll
0x00007ffafcba0000 - 0x00007ffafcbb8000 	C:\WINDOWS\SYSTEM32\kernel.appcore.dll
0x00007ffaf5830000 - 0x00007ffaf583a000 	C:\Program Files\Java\jdk-18.0.2.1\bin\jimage.dll
0x00007ffafb270000 - 0x00007ffafb491000 	C:\WINDOWS\SYSTEM32\DBGHELP.DLL
0x00007ffafa3c0000 - 0x00007ffafa3f1000 	C:\WINDOWS\SYSTEM32\dbgcore.DLL
0x00007ffafdb00000 - 0x00007ffafdb7f000 	C:\WINDOWS\System32\bcryptPrimitives.dll
0x00007ffaf0a60000 - 0x00007ffaf0a9b000 	C:\Program Files\Java\jdk-18.0.2.1\bin\jdwp.dll
0x00007ffaee300000 - 0x00007ffaee325000 	C:\Program Files\Java\jdk-18.0.2.1\bin\java.dll

dbghelp: loaded successfully - version: 4.0.5 - missing functions: none
symbol engine: initialized successfully - sym options: 0x614 - pdb path: .;C:\Program Files\Java\jdk-18.0.2.1\bin;C:\WINDOWS\SYSTEM32;C:\WINDOWS\WinSxS\amd64_microsoft.windows.common-controls_6595b64144ccf1df_6.0.22000.120_none_9d947278b86cc467;C:\Program Files\Java\jdk-18.0.2.1\bin\server

VM Arguments:
jvm_args: -agentlib:jdwp=transport=dt_socket,server=n,suspend=y,address=127.0.0.1:50469 -Dfile.encoding=windows-1252 -Duser.country=US -Duser.language=en -Duser.variant 
java_command: com.example.bookService.BookServiceApplication
java_class_path (initial): C:\Users\saulo\Desktop\bookService\build\classes\java\main;C:\Users\saulo\Desktop\bookService\build\resources\main;C:\Users\saulo\.gradle\caches\modules-2\files-2.1\org.springframework.boot\spring-boot-starter-data-jpa\2.7.3\23f7118584200cf9edd43140dc6252679047bee0\spring-boot-starter-data-jpa-2.7.3.jar;C:\Users\saulo\.gradle\caches\modules-2\files-2.1\org.springframework.boot\spring-boot-starter-graphql\2.7.3\f48b13e6f873e080f313772b13da846b33aebd39\spring-boot-starter-graphql-2.7.3.jar;C:\Users\saulo\.gradle\caches\modules-2\files-2.1\org.springframework.boot\spring-boot-starter-web\2.7.3\9e36c7517c4f872b69d0665e1dd46bd6d83c43b7\spring-boot-starter-web-2.7.3.jar;C:\Users\saulo\.gradle\caches\modules-2\files-2.1\org.mapstruct\mapstruct\1.5.2.Final\835b31a56daf7eed653864fa70af59afd017c9cc\mapstruct-1.5.2.Final.jar;C:\Users\saulo\.gradle\caches\modules-2\files-2.1\com.h2database\h2\2.1.214\d5c2005c9e3279201e12d4776c948578b16bf8b2\h2-2.1.214.jar;C:\Users\saulo\.gradle\caches\modules-2\files-2.1\org.springframework.boot\spring-boot-starter-aop\2.7.3\b2806bdfae4cff6b82a174a68984a4cedd2d83f5\spring-boot-starter-aop-2.7.3.jar;C:\Users\saulo\.gradle\caches\modules-2\files-2.1\org.springframework.boot\spring-boot-starter-jdbc\2.7.3\c5cfc6efad06811d5dd916e86c97989b08575b31\spring-boot-starter-jdbc-2.7.3.jar;C:\Users\saulo\.gradle\caches\modules-2\files-2.1\jakarta.transaction\jakarta.transaction-api\1.3.3\c4179d48720a1e87202115fbed6089bdc4195405\jakarta.transaction-api-1.3.3.jar;C:\Users\saulo\.gradle\caches\modules-2\files-2.1\jakarta.persistence\jakarta.persistence-api\2.2.3\8f6ea5daedc614f07a3654a455660145286f024e\jakarta.persistence-api-2.2.3.jar;C:\Users\saulo\.gradle\caches\modules-2\files-2.1\org.hibernate\hibernate-core\5.6.10.Final\408fd5802391d8e6f619db9d7c6c0e27d49118c2\hibernate-core-5.6.10.Final.jar;C:\Users\saulo\.gradle\caches\modules-2\files-2.1\org.springframework.data\spring-data-jpa\2.7.2\1b8783e98d4199c8fbcb46765fbfce02f41907fe\spring-data-jpa-2.7.2.jar;C:\Users\saulo\.gradle\caches\modules-2\files-2.1\org.springframework\spring-aspects\5.3.22\1fdd8ac7f557ba12bb59086edfe3a9cdf6d918bf\spring-aspects-5.3.22.jar;C:\Users\saulo\.gradle\caches\modules-2\files-2.1\org.springframework.boot\spring-boot-starter-json\2.7.3\38c88404d68926aaf6c0914199e8c5e766946de2\spring-boot-starter-json-2.7.3.jar;C:\Users\saulo\.gradle\caches\modules-2\files-2.1\org.springframework.boot\spring-boot-starter\2.7.3\6b0c093af667bf645cd5f49372e2a2540ae2855f\spring-boot-starter-2.7.3.jar;C:\Users\saulo\.gradle\caches\modules-2\files-2.1\org.springframework.graphql\spring-graphql\1.0.1\bfdaa401ce19d29006f3599691c1d872a3cea087\spring-graphql-1.0.1.jar;C:\Users\saulo\.gradle\caches\modules-2\files-2.1\org.springframework.boot\spring-boot-starter-tomcat\2.7.3\7a5998baaa05d5e7a9af7194a21f2ac3512ba7a0\spring-boot-starter-tomcat-2.7.3.jar;C:\Users\saulo\.gradle\caches\modules-2\files-2.1\org.springframework\spring-webmvc\5.3.22\519d86b7ac9b8b6bb54739eb4eb73dc13a263b28\spring-webmvc-5.3.22.jar;C:\Users\saulo\.gradle\caches\modules-2\files-2.1\org.springframework\spring-web\5.3.22\fdab9b8d8df2e6a8fb90f2481c361bcf2c129567\spring-web-5.3.22.jar;C:\Users\saulo\.gradle\caches\modules-2\files-2.1\org.springframework.boot\spring-boot-autoconfigure\2.7.3\4c96169e8d71c9c41f07a40d011dbd41898180ac\spring-boot-autoconfigure-2.7.3.jar;C:\Users\saulo\.gradle\caches\modules-2\files-2.1\org.springframework.boot\spring-boot\2.7.3\3a8d641077565b7eaec3b2f91d5b83a6800f5895\spring-boot-2.7.3.jar;C:\Users\saulo\.gradle\caches\modules-2\files-2.1\org.springframework\spring-context\5.3.22\fdd59bb4795c7a399e95ec4a5c8b91103e3189fd\spring-context-5.3.22.jar;C:\Users\saulo\.gradle\caches\modules-2\files-2.1\org.springframework\spring-aop\5.3.22\2f9f00efbff8432f145ccffeb93e6a1819bac362\spring-aop-5.3.22.jar;C:\Users\saulo\.gradle\caches\modules-2\files-2.1\org.aspectj\aspectjweaver\1.9.7\158f5c255cd3e4408e795b79f7c3fbae9b53b7ca\aspectjweaver-1.9.7.jar;C:\Users\saulo\.gradle\caches\modules-2\files-2.1\com.zaxxer\HikariCP\4.0.3\107cbdf0db6780a065f895ae9d8fbf3bb0e1c21f\HikariCP-4.0.3.jar;C:\Users\saulo\.gradle\caches\modules-2\files-2.1\org.springframework\spring-orm\5.3.22\abcefbf4895a3daf263cf385cc66e924db92d254\spring-orm-5.3.22.jar;C:\Users\saulo\.gradle\caches\modules-2\files-2.1\org.springframework\spring-jdbc\5.3.22\d50fc708ef9bade1d3fb64d529b8ff8cd5b625ba\spring-jdbc-5.3.22.jar;C:\Users\saulo\.gradle\caches\modules-2\files-2.1\org.hibernate.common\hibernate-commons-annotations\5.1.2.Final\e59ffdbc6ad09eeb33507b39ffcf287679a498c8\hibernate-commons-annotations-5.1.2.Final.jar;C:\Users\saulo\.gradle\caches\modules-2\files-2.1\org.jboss.logging\jboss-logging\3.4.3.Final\c4bd7e12a745c0e7f6cf98c45cdcdf482fd827ea\jboss-logging-3.4.3.Final.jar;C:\Users\saulo\.gradle\caches\modules-2\files-2.1\net.bytebuddy\byte-buddy\1.12.13\35ffee9c24b1c68b08d9207e1a2d3da1add6166\byte-buddy-1.12.13.jar;C:\Users\saulo\.gradle\caches\modules-2\files-2.1\antlr\antlr\2.7.7\83cd2cd674a217ade95a4bb83a8a14f351f48bd0\antlr-2.7.7.jar;C:\Users\saulo\.gradle\caches\modules-2\files-2.1\org.jboss\jandex\2.4.2.Final\1e1c385990b258ff1a24c801e84aebbacf70eb39\jandex-2.4.2.Final.jar;C:\Users\saulo\.gradle\caches\modules-2\files-2.1\com.fasterxml\classmate\1.5.1\3fe0bed568c62df5e89f4f174c101eab25345b6c\classmate-1.5.1.jar;C:\Users\saulo\.gradle\caches\modules-2\files-2.1\org.glassfish.jaxb\jaxb-runtime\2.3.6\1e6cd0e5d9f9919c8c8824fb4d310b09a978a60e\jaxb-runtime-2.3.6.jar;C:\Users\saulo\.gradle\caches\modules-2\files-2.1\org.springframework.data\spring-data-commons\2.7.2\9547d1234cb380234066aef60129bb2ddfdc6347\spring-data-commons-2.7.2.jar;C:\Users\saulo\.gradle\caches\modules-2\files-2.1\org.springframework\spring-tx\5.3.22\d0b3812ab20987a13f3a9ae7b4c54f619e034692\spring-tx-5.3.22.jar;C:\Users\saulo\.gradle\caches\modules-2\files-2.1\org.springframework\spring-beans\5.3.22\866c2022b5fef05b1702f4a07cfa5598660ce08a\spring-beans-5.3.22.jar;C:\Users\saulo\.gradle\caches\modules-2\files-2.1\org.springframework\spring-expression\5.3.22\c056f9e9994b18c95deead695f9471952d1f21d1\spring-expression-5.3.22.jar;C:\Users\saulo\.gradle\caches\modules-2\files-2.1\org.springframework\spring-core\5.3.22\661fc01832716c7eedebf995c6841b2f7117c63d\spring-core-5.3.22.jar;C:\Users\saulo\.gradle\caches\modules-2\files-2.1\com.graphql-java\graphql-java\18.3\d30b46b4db4818fc6547d233b7aef5af6dcfe715\graphql-java-18.3.jar;C:\Users\saulo\.gradle\caches\modules-2\files-2.1\org.springframework.boot\spring-boot-starter-logging\2.7.3\a1e4a13b656182ba10b4c0c7848f91cd6f854fdf\spring-boot-starter-logging-2.7.3.jar;C:\Users\saulo\.gradle\caches\modules-2\files-2.1\ch.qos.logback\logback-classic\1.2.11\4741689214e9d1e8408b206506cbe76d1c6a7d60\logback-classic-1.2.11.jar;C:\Users\saulo\.gradle\caches\modules-2\files-2.1\org.apache.logging.log4j\log4j-to-slf4j\2.17.2\17dd0fae2747d9a28c67bc9534108823d2376b46\log4j-to-slf4j-2.17.2.jar;C:\Users\saulo\.gradle\caches\modules-2\files-2.1\org.slf4j\jul-to-slf4j\1.7.36\ed46d81cef9c412a88caef405b58f93a678ff2ca\jul-to-slf4j-1.7.36.jar;C:\Users\saulo\.gradle\caches\modules-2\files-2.1\com.graphql-java\java-dataloader\3.1.2\77f5055b822987d9ade1182fa19a8aad981ec058\java-dataloader-3.1.2.jar;C:\Users\saulo\.gradle\caches\modules-2\files-2.1\org.slf4j\slf4j-api\1.7.36\6c62681a2f655b49963a5983b8b0950a6120ae14\slf4j-api-1.7.36.jar;C:\Users\saulo\.gradle\caches\modules-2\files-2.1\jakarta.annotation\jakarta.annotation-api\1.3.5\59eb84ee0d616332ff44aba065f3888cf002cd2d\jakarta.annotation-api-1.3.5.jar;C:\Users\saulo\.gradle\caches\modules-2\files-2.1\org.yaml\snakeyaml\1.30\8fde7fe2586328ac3c68db92045e1c8759125000\snakeyaml-1.30.jar;C:\Users\saulo\.gradle\caches\modules-2\files-2.1\com.fasterxml.jackson.datatype\jackson-datatype-jsr310\2.13.3\ad2f4c61aeb9e2a8bb5e4a3ed782cfddec52d972\jackson-datatype-jsr310-2.13.3.jar;C:\Users\saulo\.gradle\caches\modules-2\files-2.1\com.fasterxml.jackson.module\jackson-module-parameter-names\2.13.3\f71c4ecc1a403787c963f68bc619b78ce1d2687b\jackson-module-parameter-names-2.13.3.jar;C:\Users\saulo\.gradle\caches\modules-2\files-2.1\com.fasterxml.jackson.core\jackson-annotations\2.13.3\7198b3aac15285a49e218e08441c5f70af00fc51\jackson-annotations-2.13.3.jar;C:\Users\saulo\.gradle\caches\modules-2\files-2.1\com.fasterxml.jackson.core\jackson-core\2.13.3\a27014716e4421684416e5fa83d896ddb87002da\jackson-core-2.13.3.jar;C:\Users\saulo\.gradle\caches\modules-2\files-2.1\com.fasterxml.jackson.datatype\jackson-datatype-jdk8\2.13.3\d4884595d5aab5babdb00ddbd693b8fd36b5ec3c\jackson-datatype-jdk8-2.13.3.jar;C:\Users\saulo\.gradle\caches\modules-2\files-2.1\com.fasterxml.jackson.core\jackson-databind\2.13.3\56deb9ea2c93a7a556b3afbedd616d342963464e\jackson-databind-2.13.3.jar;C:\Users\saulo\.gradle\caches\modules-2\files-2.1\io.projectreactor\reactor-core\3.4.22\c23a496c6d68afe0800f7ab8cb887e8cde010bd4\reactor-core-3.4.22.jar;C:\Users\saulo\.gradle\caches\modules-2\files-2.1\org.apache.tomcat.embed\tomcat-embed-websocket\9.0.65\bd70dfeb39cc83c6934be24fa377b21e541dbe76\tomcat-embed-websocket-9.0.65.jar;C:\Users\saulo\.gradle\caches\modules-2\files-2.1\org.apache.tomcat.embed\tomcat-embed-core\9.0.65\a24c5f379b2ec343a167a83332b75c37f26b2ae7\tomcat-embed-core-9.0.65.jar;C:\Users\saulo\.gradle\caches\modules-2\files-2.1\org.apache.tomcat.embed\tomcat-embed-el\9.0.65\d278157387e59a5f9b48091dcada22b7c74aed00\tomcat-embed-el-9.0.65.jar;C:\Users\saulo\.gradle\caches\modules-2\files-2.1\jakarta.xml.bind\jakarta.xml.bind-api\2.3.3\48e3b9cfc10752fba3521d6511f4165bea951801\jakarta.xml.bind-api-2.3.3.jar;C:\Users\saulo\.gradle\caches\modules-2\files-2.1\org.glassfish.jaxb\txw2\2.3.6\45db7b69a8f1ec2c21eb7d4fc0ee729f53c1addc\txw2-2.3.6.jar;C:\Users\saulo\.gradle\caches\modules-2\files-2.1\com.sun.istack\istack-commons-runtime\3.0.12\cbbe1a62b0cc6c85972e99d52aaee350153dc530\istack-commons-runtime-3.0.12.jar;C:\Users\saulo\.gradle\caches\modules-2\files-2.1\com.sun.activation\jakarta.activation\1.2.2\74548703f9851017ce2f556066659438019e7eb5\jakarta.activation-1.2.2.jar;C:\Users\saulo\.gradle\caches\modules-2\files-2.1\org.springframework\spring-jcl\5.3.22\811ace5e5eb379654ed96fd7844809db51af74a5\spring-jcl-5.3.22.jar;C:\Users\saulo\.gradle\caches\modules-2\files-2.1\org.reactivestreams\reactive-streams\1.0.4\3864a1320d97d7b045f729a326e1e077661f31b7\reactive-streams-1.0.4.jar;C:\Users\saulo\.gradle\caches\modules-2\files-2.1\org.antlr\antlr4-runtime\4.9.3\81befc16ebedb8b8aea3e4c0835dd5ca7e8523a8\antlr4-runtime-4.9.3.jar;C:\Users\saulo\.gradle\caches\modules-2\files-2.1\ch.qos.logback\logback-core\1.2.11\a01230df5ca5c34540cdaa3ad5efb012f1f1f792\logback-core-1.2.11.jar;C:\Users\saulo\.gradle\caches\modules-2\files-2.1\org.apache.logging.log4j\log4j-api\2.17.2\f42d6afa111b4dec5d2aea0fe2197240749a4ea6\log4j-api-2.17.2.jar
Launcher Type: SUN_STANDARD

[Global flags]
     intx CICompilerCount                          = 4                                         {product} {ergonomic}
     uint ConcGCThreads                            = 2                                         {product} {ergonomic}
     uint G1ConcRefinementThreads                  = 8                                         {product} {ergonomic}
   size_t G1HeapRegionSize                         = 4194304                                   {product} {ergonomic}
    uintx GCDrainStackTargetSize                   = 64                                        {product} {ergonomic}
   size_t InitialHeapSize                          = 335544320                                 {product} {ergonomic}
   size_t MarkStackSize                            = 4194304                                   {product} {ergonomic}
   size_t MaxHeapSize                              = 5322571776                                {product} {ergonomic}
   size_t MinHeapDeltaBytes                        = 4194304                                   {product} {ergonomic}
   size_t MinHeapSize                              = 8388608                                   {product} {ergonomic}
    uintx NonNMethodCodeHeapSize                   = 5839372                                {pd product} {ergonomic}
    uintx NonProfiledCodeHeapSize                  = 122909434                              {pd product} {ergonomic}
    uintx ProfiledCodeHeapSize                     = 122909434                              {pd product} {ergonomic}
    uintx ReservedCodeCacheSize                    = 251658240                              {pd product} {ergonomic}
     bool SegmentedCodeCache                       = true                                      {product} {ergonomic}
   size_t SoftMaxHeapSize                          = 5322571776                             {manageable} {ergonomic}
     bool UseCompressedClassPointers               = true                           {product lp64_product} {ergonomic}
     bool UseCompressedOops                        = true                           {product lp64_product} {ergonomic}
     bool UseG1GC                                  = true                                      {product} {ergonomic}
     bool UseLargePagesIndividualAllocation        = false                                  {pd product} {ergonomic}

Logging:
Log output configuration:
 #0: stdout all=warning uptime,level,tags foldmultilines=false
 #1: stderr all=off uptime,level,tags foldmultilines=false

Environment Variables:
JAVA_HOME=C:\Program Files\Java\jdk-18.0.2.1
PATH=C:\Program Files\Common Files\Oracle\Java\javapath;C:\Program Files (x86)\Common Files\Oracle\Java\javapath;C:\Windows\system32;C:\Windows;C:\Windows\System32\Wbem;C:\Windows\System32\WindowsPowerShell\v1.0\;C:\Windows\System32\OpenSSH\;C:\Program Files (x86)\NVIDIA Corporation\PhysX\Common;C:\Program Files\NVIDIA Corporation\NVIDIA NvDLISR;C:\WINDOWS\system32;C:\WINDOWS;C:\WINDOWS\System32\Wbem;C:\WINDOWS\System32\WindowsPowerShell\v1.0\;C:\WINDOWS\System32\OpenSSH\;C:\ProgramData\chocolatey\bin;C:\work\util\apache-maven-3.5.4\bin;C:\minikube;C:\minikube;C:\work\kubernetes;C:\Program Files\Docker\Docker\resources\bin;C:\ProgramData\DockerDesktop\version-bin;C:\Program Files\Git\cmd;C:\Program Files\PuTTY\;C:\Program Files\nodejs\;C:\Users\saulo\AppData\Local\Microsoft\WindowsApps;C:\Program Files\JetBrains\IntelliJ IDEA Community Edition 2019.3.3\bin;;C:\Users\saulo\AppData\Roaming\npm
USERNAME=saulo
OS=Windows_NT
PROCESSOR_IDENTIFIER=Intel64 Family 6 Model 142 Stepping 12, GenuineIntel



---------------  S Y S T E M  ---------------

OS:
 Windows 11 , 64 bit Build 22000 (10.0.22000.708)
OS uptime: 14 days 22:10 hours
Hyper-V role detected

CPU: total 8 (initial active 8) (4 cores per cpu, 2 threads per core) family 6 model 142 stepping 12 microcode 0xde, cx8, cmov, fxsr, ht, mmx, 3dnowpref, sse, sse2, sse3, ssse3, sse4.1, sse4.2, popcnt, lzcnt, tsc, tscinvbit, avx, avx2, aes, erms, clmul, bmi1, bmi2, adx, fma, vzeroupper, clflush, clflushopt, hv

Memory: 4k page, system-wide physical 20289M (2531M free)
TotalPageFile size 24789M (AvailPageFile size 133M)
current process WorkingSet (physical memory assigned to process): 11M, peak: 11M
current process commit charge ("private bytes"): 60M, peak: 380M

vm_info: Java HotSpot(TM) 64-Bit Server VM (18.0.2.1+1-1) for windows-amd64 JRE (18.0.2.1+1-1), built on Aug 16 2022 01:46:33 by "mach5one" with MS VC++ 16.8 / 16.9 (VS2019)

END.
